<?xml version="1.0" encoding="UTF-8"?>
<!-- Generated by org.testng.reporters.JUnitXMLReporter -->
<testsuite hostname="wangmengleideMacBook-Pro.local" ignored="0" name="demo1" tests="4" failures="0" timestamp="20 八月 2018 14:23:13 GMT" time="0.041" errors="0">
  <testcase name="Test1" time="0.01" classname="multiThread.MultiThreadOnXml"/>
  <testcase name="Test2" time="0.01" classname="multiThread.MultiThreadOnXml"/>
  <testcase name="Test3" time="0.001" classname="multiThread.MultiThreadOnXml"/>
  <testcase name="Test4" time="0.001" classname="multiThread.MultiThreadOnXml"/>
</testsuite> <!-- demo1 -->
