<?xml version="1.0" encoding="UTF-8"?>
<!-- Generated by org.testng.reporters.JUnitXMLReporter -->
<testsuite hostname="wangmengleideMacBook-Pro.local" ignored="0" name="onlyRunStu" tests="6" failures="0" timestamp="20 八月 2018 08:46:50 GMT" time="0.045" errors="0">
  <testcase name="stu1" time="0.007" classname="groups.GroupOnClass1"/>
  <testcase name="stu2" time="0.001" classname="groups.GroupOnClass1"/>
  <testcase name="stu1" time="0.002" classname="groups.GroupOnClass2"/>
  <testcase name="stu2" time="0.001" classname="groups.GroupOnClass2"/>
  <testcase name="teacher1" time="0.001" classname="groups.GroupOnClass3"/>
  <testcase name="teacher2" time="0.001" classname="groups.GroupOnClass3"/>
</testsuite> <!-- onlyRunStu -->
