<?xml version="1.0" encoding="UTF-8"?>
<testng-results skipped="0" failed="0" ignored="0" total="1" passed="1">
  <reporter-output>
  </reporter-output>
  <suite name="Default suite" duration-ms="845" started-at="2018-08-30T11:25:05Z" finished-at="2018-08-30T11:25:06Z">
    <groups>
    </groups>
    <test name="Default test" duration-ms="845" started-at="2018-08-30T11:25:05Z" finished-at="2018-08-30T11:25:06Z">
      <class name="com.job.app.circle.deleteFeed">
        <test-method status="PASS" signature="setup()[pri:0, instance:com.job.app.circle.deleteFeed@3ffc5af1]" name="setup" is-config="true" duration-ms="10" started-at="2018-08-30T11:25:05Z" finished-at="2018-08-30T11:25:05Z">
          <reporter-output>
          </reporter-output>
        </test-method> <!-- setup -->
        <test-method status="PASS" signature="test1(java.lang.String, java.lang.String, java.lang.String, java.lang.String, java.lang.String)[pri:0, instance:com.job.app.circle.deleteFeed@3ffc5af1]" name="test1" duration-ms="816" started-at="2018-08-30T11:25:05Z" data-provider="ex" finished-at="2018-08-30T11:25:06Z">
          <params>
            <param index="0">
              <value>
                <![CDATA[8618d376edb4ba6b0f56d91f1a368bdd]]>
              </value>
            </param>
            <param index="1">
              <value>
                <![CDATA[806987]]>
              </value>
            </param>
            <param index="2">
              <value>
                <![CDATA[f371f5d59d1b3585732711f59e7cd101cf24be41]]>
              </value>
            </param>
            <param index="3">
              <value>
                <![CDATA[1]]>
              </value>
            </param>
            <param index="4">
              <value>
                <![CDATA[success]]>
              </value>
            </param>
          </params>
          <reporter-output>
          </reporter-output>
        </test-method> <!-- test1 -->
        <test-method status="PASS" signature="setdown()[pri:0, instance:com.job.app.circle.deleteFeed@3ffc5af1]" name="setdown" is-config="true" duration-ms="1" started-at="2018-08-30T11:25:06Z" finished-at="2018-08-30T11:25:06Z">
          <reporter-output>
          </reporter-output>
        </test-method> <!-- setdown -->
      </class> <!-- com.job.app.circle.deleteFeed -->
    </test> <!-- Default test -->
  </suite> <!-- Default suite -->
</testng-results>
